Using pre-set license
Built from '2020.2/release' branch; Version is '2020.2.2f1 (068178b99f32) revision 426360'; Using compiler version '192528614'; Build Type 'Release'
OS: 'Windows 10 Pro; OS build 19041.746; Version 2004; 64bit' Language: 'fr' Physical Memory: 32711 MB
BatchMode: 1, IsHumanControllingUs: 0, StartBugReporterOnCrash: 0, Is64bit: 1, IsPro: 0

 COMMAND LINE ARGUMENTS:
D:\Unity\2020.2.2f1\Editor\Unity.exe
-adb2
-batchMode
-noUpm
-name
AssetImportWorker0
-projectPath
D:/POO2/POO2/POO2_DE
-logFile
Logs/AssetImportWorker0.log
-srvPort
58437
Successfully changed project path to: D:/POO2/POO2/POO2_DE
D:/POO2/POO2/POO2_DE
Using Asset Import Pipeline V2.
Refreshing native plugins compatible for Editor in 35.60 ms, found 1 plugins.
Preloading 0 native plugins for Editor in 0.00 ms.
Initialize engine version: 2020.2.2f1 (068178b99f32)
[Subsystems] Discovering subsystems at path D:/Unity/2020.2.2f1/Editor/Data/Resources/UnitySubsystems
[Subsystems] Discovering subsystems at path D:/POO2/POO2/POO2_DE/Assets
GfxDevice: creating device client; threaded=0
Direct3D:
    Version:  Direct3D 11.0 [level 11.1]
    Renderer: NVIDIA GeForce RTX 2070 SUPER (ID=0x1e84)
    Vendor:   
    VRAM:     8011 MB
    Driver:   27.21.14.5709
Initialize mono
Mono path[0] = 'D:/Unity/2020.2.2f1/Editor/Data/Managed'
Mono path[1] = 'D:/Unity/2020.2.2f1/Editor/Data/MonoBleedingEdge/lib/mono/unityjit'
Mono config path = 'D:/Unity/2020.2.2f1/Editor/Data/MonoBleedingEdge/etc'
Using monoOptions --debugger-agent=transport=dt_socket,embedding=1,server=y,suspend=n,address=127.0.0.1:56776
Begin MonoManager ReloadAssembly
Registering precompiled unity dll's ...
Register platform support module: D:/Unity/2020.2.2f1/Editor/Data/PlaybackEngines/WindowsStandaloneSupport/UnityEditor.WindowsStandalone.Extensions.dll
Registered in 0.001245 seconds.
Native extension for WindowsStandalone target not found
Refreshing native plugins compatible for Editor in 41.66 ms, found 1 plugins.
Preloading 0 native plugins for Editor in 0.00 ms.
Invoked RoslynAnalysisRunner static constructor.
RoslynAnalysisRunner will not be running.
RoslynAnalysisRunner has terminated.
Mono: successfully reloaded assembly
- Completed reload, in  1.346 seconds
Platform modules already initialized, skipping
Registering precompiled user dll's ...
Registered in 0.000925 seconds.
Begin MonoManager ReloadAssembly
Native extension for WindowsStandalone target not found
Refreshing native plugins compatible for Editor in 36.25 ms, found 1 plugins.
Preloading 0 native plugins for Editor in 0.00 ms.
Invoked RoslynAnalysisRunner static constructor.
RoslynAnalysisRunner will not be running.
RoslynAnalysisRunner has terminated.
Mono: successfully reloaded assembly
- Completed reload, in  1.080 seconds
Platform modules already initialized, skipping
========================================================================
Worker process is ready to serve import requests
Launched and connected shader compiler UnityShaderCompiler.exe after 0.06 seconds
Refreshing native plugins compatible for Editor in 0.59 ms, found 1 plugins.
Preloading 0 native plugins for Editor in 0.00 ms.
Unloading 1775 Unused Serialized files (Serialized files now loaded: 0)
System memory in use before: 83.7 MB.
System memory in use after: 83.8 MB.

Unloading 19 unused Assets to reduce memory usage. Loaded Objects now: 2222.
Total: 3.239300 ms (FindLiveObjects: 0.363200 ms CreateObjectMapping: 0.066000 ms MarkObjects: 2.722100 ms  DeleteObjects: 0.085900 ms)

========================================================================
Received Import Request.
  path: Assets/generator.cs
  artifactKey: Guid(67a756482d567b84d80b6b533556b8b8) Importer(815301076,1909f56bfc062723c751e8b465ee728b)
Start importing Assets/generator.cs using Guid(67a756482d567b84d80b6b533556b8b8) Importer(815301076,1909f56bfc062723c751e8b465ee728b)  -> (artifact id: '23f737e47b92862c5a90f9e37f581fc2') in 0.034839 seconds
  Import took 0.038613 seconds .

========================================================================
Received Import Request.
  Time since last request: 6.056951 seconds.
  path: Assets/RandomCategoryItem.cs
  artifactKey: Guid(b7fba5a5c3eef9c4d804f19559befb97) Importer(815301076,1909f56bfc062723c751e8b465ee728b)
Start importing Assets/RandomCategoryItem.cs using Guid(b7fba5a5c3eef9c4d804f19559befb97) Importer(815301076,1909f56bfc062723c751e8b465ee728b)  -> (artifact id: '39e73aee745dcc108d16e0c0c0ab5a19') in 0.003769 seconds
  Import took 0.006910 seconds .

========================================================================
Received Import Request.
  Time since last request: 1.005477 seconds.
  path: Assets/RandomNameItem.cs
  artifactKey: Guid(b235bd04fc3fa56409c3518cb64341f2) Importer(815301076,1909f56bfc062723c751e8b465ee728b)
Start importing Assets/RandomNameItem.cs using Guid(b235bd04fc3fa56409c3518cb64341f2) Importer(815301076,1909f56bfc062723c751e8b465ee728b)  -> (artifact id: '680b879bd057da597ba7860e4e617344') in 0.004324 seconds
  Import took 0.007421 seconds .

========================================================================
Received Prepare
Registering precompiled user dll's ...
Registered in 0.000986 seconds.
Begin MonoManager ReloadAssembly
Native extension for WindowsStandalone target not found
Refreshing native plugins compatible for Editor in 0.35 ms, found 1 plugins.
Preloading 0 native plugins for Editor in 0.00 ms.
Invoked RoslynAnalysisRunner static constructor.
RoslynAnalysisRunner will not be running.
RoslynAnalysisRunner has terminated.
Mono: successfully reloaded assembly
- Completed reload, in  0.896 seconds
Platform modules already initialized, skipping
Refreshing native plugins compatible for Editor in 0.34 ms, found 1 plugins.
Preloading 0 native plugins for Editor in 0.00 ms.
Unloading 1765 Unused Serialized files (Serialized files now loaded: 0)
System memory in use before: 83.3 MB.
System memory in use after: 83.4 MB.

Unloading 8 unused Assets to reduce memory usage. Loaded Objects now: 2224.
Total: 3.334200 ms (FindLiveObjects: 0.230900 ms CreateObjectMapping: 0.584900 ms MarkObjects: 2.493600 ms  DeleteObjects: 0.022700 ms)

========================================================================
Received Prepare
Registering precompiled user dll's ...
Registered in 0.000968 seconds.
Begin MonoManager ReloadAssembly
Native extension for WindowsStandalone target not found
Refreshing native plugins compatible for Editor in 0.38 ms, found 1 plugins.
Preloading 0 native plugins for Editor in 0.00 ms.
Invoked RoslynAnalysisRunner static constructor.
RoslynAnalysisRunner will not be running.
RoslynAnalysisRunner has terminated.
Mono: successfully reloaded assembly
- Completed reload, in  0.875 seconds
Platform modules already initialized, skipping
Refreshing native plugins compatible for Editor in 0.37 ms, found 1 plugins.
Preloading 0 native plugins for Editor in 0.00 ms.
Unloading 1765 Unused Serialized files (Serialized files now loaded: 0)
System memory in use before: 83.4 MB.
System memory in use after: 83.6 MB.

Unloading 8 unused Assets to reduce memory usage. Loaded Objects now: 2226.
Total: 2.327500 ms (FindLiveObjects: 0.230600 ms CreateObjectMapping: 0.048100 ms MarkObjects: 2.026100 ms  DeleteObjects: 0.021100 ms)

AssetImportWorkerClient::OnTransportError - code=2 error=End of file
